<?xml version="1.0" encoding="UTF-8"?>
<!-- Generated by org.testng.reporters.JUnitXMLReporter -->
<testsuite hostname="vnikolic" ignored="0" name="Test" tests="3" failures="1" timestamp="23 Jan 2019 12:10:22 GMT" time="24.896" errors="0">
  <testcase name="tc_001" time="10.188" classname="testcases.TC_001"/>
  <testcase name="tc_001" time="8.261" classname="testcases.TC_002"/>
  <testcase name="tc_001" time="6.358" classname="testcases.TC_003">
    <failure type="java.lang.AssertionError" message="expected [true] but found [false]">
      <![CDATA[java.lang.AssertionError: expected [true] but found [false]
at testcases.TC_003.tc_001(TC_003.java:21)
... Removed 29 stack frames]]>
    </failure>
  </testcase> <!-- tc_001 -->
</testsuite> <!-- Test -->
